[DEBUG][22-10-19][org.mybatis.generator.logging.LogFactory]Logging initialized using 'org.mybatis.generator.logging.slf4j.Slf4jLoggingLogFactory@15975490' adapter.
[DEBUG][22-10-19][org.mybatis.generator.internal.db.DatabaseIntrospector]Retrieving column information for table "songer"
[DEBUG][22-10-19][org.mybatis.generator.internal.db.DatabaseIntrospector]Found column "SRID", data type 4, in table "com_hami..songer"
[DEBUG][22-10-19][org.mybatis.generator.internal.db.DatabaseIntrospector]Found column "TID", data type 4, in table "com_hami..songer"
[DEBUG][22-10-19][org.mybatis.generator.internal.db.DatabaseIntrospector]Found column "SRNAME", data type 12, in table "com_hami..songer"
[DEBUG][22-10-19][org.mybatis.generator.internal.db.DatabaseIntrospector]Found column "INTRO", data type -1, in table "com_hami..songer"
[DEBUG][22-10-19][org.mybatis.generator.internal.db.DatabaseIntrospector]Found column "AREA", data type 12, in table "com_hami..songer"
[DEBUG][22-10-19][org.mybatis.generator.internal.db.DatabaseIntrospector]Found column "PIC", data type 12, in table "com_hami..songer"
[DEBUG][22-10-19][org.mybatis.generator.internal.db.DatabaseIntrospector]Found column "IS_HOT", data type 4, in table "com_hami..songer"
[DEBUG][22-10-19][org.mybatis.generator.logging.LogFactory]Logging initialized using 'org.mybatis.generator.logging.slf4j.Slf4jLoggingLogFactory@15975490' adapter.
[DEBUG][22-10-19][org.mybatis.generator.internal.db.DatabaseIntrospector]Retrieving column information for table "songer"
[DEBUG][22-10-19][org.mybatis.generator.internal.db.DatabaseIntrospector]Found column "SRID", data type 4, in table "com_hami..songer"
[DEBUG][22-10-19][org.mybatis.generator.internal.db.DatabaseIntrospector]Found column "TID", data type 4, in table "com_hami..songer"
[DEBUG][22-10-19][org.mybatis.generator.internal.db.DatabaseIntrospector]Found column "SRNAME", data type 12, in table "com_hami..songer"
[DEBUG][22-10-19][org.mybatis.generator.internal.db.DatabaseIntrospector]Found column "INTRO", data type -1, in table "com_hami..songer"
[DEBUG][22-10-19][org.mybatis.generator.internal.db.DatabaseIntrospector]Found column "AREA", data type 12, in table "com_hami..songer"
[DEBUG][22-10-19][org.mybatis.generator.internal.db.DatabaseIntrospector]Found column "PIC", data type 12, in table "com_hami..songer"
[DEBUG][22-10-19][org.mybatis.generator.internal.db.DatabaseIntrospector]Found column "IS_HOT", data type 4, in table "com_hami..songer"
[DEBUG][22-10-19][org.mybatis.generator.logging.LogFactory]Logging initialized using 'org.mybatis.generator.logging.slf4j.Slf4jLoggingLogFactory@15975490' adapter.
[DEBUG][22-10-19][org.mybatis.generator.internal.db.DatabaseIntrospector]Retrieving column information for table "songer"
[DEBUG][22-10-19][org.mybatis.generator.internal.db.DatabaseIntrospector]Found column "SRID", data type 4, in table "com_hami..songer"
[DEBUG][22-10-19][org.mybatis.generator.internal.db.DatabaseIntrospector]Found column "TID", data type 4, in table "com_hami..songer"
[DEBUG][22-10-19][org.mybatis.generator.internal.db.DatabaseIntrospector]Found column "SRNAME", data type 12, in table "com_hami..songer"
[DEBUG][22-10-19][org.mybatis.generator.internal.db.DatabaseIntrospector]Found column "INTRO", data type -1, in table "com_hami..songer"
[DEBUG][22-10-19][org.mybatis.generator.internal.db.DatabaseIntrospector]Found column "AREA", data type 12, in table "com_hami..songer"
[DEBUG][22-10-19][org.mybatis.generator.internal.db.DatabaseIntrospector]Found column "PIC", data type 12, in table "com_hami..songer"
[DEBUG][22-10-19][org.mybatis.generator.internal.db.DatabaseIntrospector]Found column "IS_HOT", data type 4, in table "com_hami..songer"
[DEBUG][22-10-19][org.mybatis.generator.logging.LogFactory]Logging initialized using 'org.mybatis.generator.logging.slf4j.Slf4jLoggingLogFactory@15975490' adapter.
[DEBUG][22-10-19][org.mybatis.generator.internal.db.DatabaseIntrospector]Retrieving column information for table "songer"
[DEBUG][22-10-19][org.mybatis.generator.internal.db.DatabaseIntrospector]Found column "SRID", data type 4, in table "com_hami..songer"
[DEBUG][22-10-19][org.mybatis.generator.internal.db.DatabaseIntrospector]Found column "TID", data type 4, in table "com_hami..songer"
[DEBUG][22-10-19][org.mybatis.generator.internal.db.DatabaseIntrospector]Found column "SRNAME", data type 12, in table "com_hami..songer"
[DEBUG][22-10-19][org.mybatis.generator.internal.db.DatabaseIntrospector]Found column "INTRO", data type -1, in table "com_hami..songer"
[DEBUG][22-10-19][org.mybatis.generator.internal.db.DatabaseIntrospector]Found column "AREA", data type 12, in table "com_hami..songer"
[DEBUG][22-10-19][org.mybatis.generator.internal.db.DatabaseIntrospector]Found column "PIC", data type 12, in table "com_hami..songer"
[DEBUG][22-10-19][org.mybatis.generator.internal.db.DatabaseIntrospector]Found column "IS_HOT", data type 4, in table "com_hami..songer"
[DEBUG][22-10-19][org.mybatis.generator.logging.LogFactory]Logging initialized using 'org.mybatis.generator.logging.slf4j.Slf4jLoggingLogFactory@15975490' adapter.
[DEBUG][22-10-19][org.mybatis.generator.internal.db.DatabaseIntrospector]Retrieving column information for table "songer"
[DEBUG][22-10-19][org.mybatis.generator.internal.db.DatabaseIntrospector]Found column "SRID", data type 4, in table "com_hami..songer"
[DEBUG][22-10-19][org.mybatis.generator.internal.db.DatabaseIntrospector]Found column "TID", data type 4, in table "com_hami..songer"
[DEBUG][22-10-19][org.mybatis.generator.internal.db.DatabaseIntrospector]Found column "SRNAME", data type 12, in table "com_hami..songer"
[DEBUG][22-10-19][org.mybatis.generator.internal.db.DatabaseIntrospector]Found column "INTRO", data type -1, in table "com_hami..songer"
[DEBUG][22-10-19][org.mybatis.generator.internal.db.DatabaseIntrospector]Found column "AREA", data type 12, in table "com_hami..songer"
[DEBUG][22-10-19][org.mybatis.generator.internal.db.DatabaseIntrospector]Found column "PIC", data type 12, in table "com_hami..songer"
[DEBUG][22-10-19][org.mybatis.generator.internal.db.DatabaseIntrospector]Found column "IS_HOT", data type 4, in table "com_hami..songer"
[DEBUG][22-10-19][org.mybatis.generator.logging.LogFactory]Logging initialized using 'org.mybatis.generator.logging.slf4j.Slf4jLoggingLogFactory@15975490' adapter.
[DEBUG][22-10-19][org.mybatis.generator.internal.db.DatabaseIntrospector]Retrieving column information for table "songer"
[DEBUG][22-10-19][org.mybatis.generator.internal.db.DatabaseIntrospector]Found column "SRID", data type 4, in table "com_hami..songer"
[DEBUG][22-10-19][org.mybatis.generator.internal.db.DatabaseIntrospector]Found column "TID", data type 4, in table "com_hami..songer"
[DEBUG][22-10-19][org.mybatis.generator.internal.db.DatabaseIntrospector]Found column "SRNAME", data type 12, in table "com_hami..songer"
[DEBUG][22-10-19][org.mybatis.generator.internal.db.DatabaseIntrospector]Found column "INTRO", data type -1, in table "com_hami..songer"
[DEBUG][22-10-19][org.mybatis.generator.internal.db.DatabaseIntrospector]Found column "AREA", data type 12, in table "com_hami..songer"
[DEBUG][22-10-19][org.mybatis.generator.internal.db.DatabaseIntrospector]Found column "PIC", data type 12, in table "com_hami..songer"
[DEBUG][22-10-19][org.mybatis.generator.internal.db.DatabaseIntrospector]Found column "IS_HOT", data type 4, in table "com_hami..songer"
[DEBUG][22-10-19][org.mybatis.generator.logging.LogFactory]Logging initialized using 'org.mybatis.generator.logging.slf4j.Slf4jLoggingLogFactory@15975490' adapter.
[DEBUG][22-10-19][org.mybatis.generator.internal.db.DatabaseIntrospector]Retrieving column information for table "songer"
[DEBUG][22-10-19][org.mybatis.generator.internal.db.DatabaseIntrospector]Found column "SRID", data type 4, in table "com_hami..songer"
[DEBUG][22-10-19][org.mybatis.generator.internal.db.DatabaseIntrospector]Found column "TID", data type 4, in table "com_hami..songer"
[DEBUG][22-10-19][org.mybatis.generator.internal.db.DatabaseIntrospector]Found column "SRNAME", data type 12, in table "com_hami..songer"
[DEBUG][22-10-19][org.mybatis.generator.internal.db.DatabaseIntrospector]Found column "INTRO", data type -1, in table "com_hami..songer"
[DEBUG][22-10-19][org.mybatis.generator.internal.db.DatabaseIntrospector]Found column "AREA", data type 12, in table "com_hami..songer"
[DEBUG][22-10-19][org.mybatis.generator.internal.db.DatabaseIntrospector]Found column "PIC", data type 12, in table "com_hami..songer"
[DEBUG][22-10-19][org.mybatis.generator.internal.db.DatabaseIntrospector]Found column "IS_HOT", data type 4, in table "com_hami..songer"
[DEBUG][22-10-26][org.mybatis.generator.logging.LogFactory]Logging initialized using 'org.mybatis.generator.logging.slf4j.Slf4jLoggingLogFactory@15975490' adapter.
[DEBUG][22-10-26][org.mybatis.generator.internal.db.DatabaseIntrospector]Retrieving column information for table "song"
[DEBUG][22-10-26][org.mybatis.generator.internal.db.DatabaseIntrospector]Found column "SID", data type 4, in table "com_hami..song"
[DEBUG][22-10-26][org.mybatis.generator.internal.db.DatabaseIntrospector]Found column "TID", data type 4, in table "com_hami..song"
[DEBUG][22-10-26][org.mybatis.generator.internal.db.DatabaseIntrospector]Found column "SRID", data type 4, in table "com_hami..song"
[DEBUG][22-10-26][org.mybatis.generator.internal.db.DatabaseIntrospector]Found column "AID", data type 4, in table "com_hami..song"
[DEBUG][22-10-26][org.mybatis.generator.internal.db.DatabaseIntrospector]Found column "SNAME", data type 12, in table "com_hami..song"
[DEBUG][22-10-26][org.mybatis.generator.internal.db.DatabaseIntrospector]Found column "PIC", data type 12, in table "com_hami..song"
[DEBUG][22-10-26][org.mybatis.generator.internal.db.DatabaseIntrospector]Found column "MP3", data type 12, in table "com_hami..song"
[DEBUG][22-10-26][org.mybatis.generator.internal.db.DatabaseIntrospector]Found column "LRC", data type -1, in table "com_hami..song"
[DEBUG][22-10-26][org.mybatis.generator.internal.db.DatabaseIntrospector]Found column "IS_HOT", data type 4, in table "com_hami..song"
[DEBUG][22-10-26][org.mybatis.generator.internal.db.DatabaseIntrospector]Found column "IS_NEW", data type 4, in table "com_hami..song"
[DEBUG][22-10-26][org.mybatis.generator.internal.db.DatabaseIntrospector]Found column "PTIMES", data type 4, in table "com_hami..song"
[DEBUG][22-10-26][org.mybatis.generator.internal.db.DatabaseIntrospector]Found column "AUDIT_STATUS", data type 4, in table "com_hami..song"
[DEBUG][22-10-26][org.mybatis.generator.internal.db.DatabaseIntrospector]Found column "SHOW_STATUS", data type 4, in table "com_hami..song"
[DEBUG][22-10-26][org.mybatis.generator.logging.LogFactory]Logging initialized using 'org.mybatis.generator.logging.slf4j.Slf4jLoggingLogFactory@15975490' adapter.
[DEBUG][22-10-26][org.mybatis.generator.internal.db.DatabaseIntrospector]Retrieving column information for table "song"
[DEBUG][22-10-26][org.mybatis.generator.internal.db.DatabaseIntrospector]Found column "SID", data type 4, in table "com_hami..song"
[DEBUG][22-10-26][org.mybatis.generator.internal.db.DatabaseIntrospector]Found column "TID", data type 4, in table "com_hami..song"
[DEBUG][22-10-26][org.mybatis.generator.internal.db.DatabaseIntrospector]Found column "SRID", data type 4, in table "com_hami..song"
[DEBUG][22-10-26][org.mybatis.generator.internal.db.DatabaseIntrospector]Found column "AID", data type 4, in table "com_hami..song"
[DEBUG][22-10-26][org.mybatis.generator.internal.db.DatabaseIntrospector]Found column "SNAME", data type 12, in table "com_hami..song"
[DEBUG][22-10-26][org.mybatis.generator.internal.db.DatabaseIntrospector]Found column "PIC", data type 12, in table "com_hami..song"
[DEBUG][22-10-26][org.mybatis.generator.internal.db.DatabaseIntrospector]Found column "MP3", data type 12, in table "com_hami..song"
[DEBUG][22-10-26][org.mybatis.generator.internal.db.DatabaseIntrospector]Found column "LRC", data type -1, in table "com_hami..song"
[DEBUG][22-10-26][org.mybatis.generator.internal.db.DatabaseIntrospector]Found column "IS_HOT", data type 4, in table "com_hami..song"
[DEBUG][22-10-26][org.mybatis.generator.internal.db.DatabaseIntrospector]Found column "IS_NEW", data type 4, in table "com_hami..song"
[DEBUG][22-10-26][org.mybatis.generator.internal.db.DatabaseIntrospector]Found column "PTIMES", data type 4, in table "com_hami..song"
[DEBUG][22-10-26][org.mybatis.generator.internal.db.DatabaseIntrospector]Found column "AUDIT_STATUS", data type 4, in table "com_hami..song"
[DEBUG][22-10-26][org.mybatis.generator.internal.db.DatabaseIntrospector]Found column "SHOW_STATUS", data type 4, in table "com_hami..song"
